2021-11-22 11:51:50 INFO  Test Started
2021-11-22 11:51:50 INFO  Opening the browser
2021-11-22 11:51:50 INFO  Loading Website of Bigsmall.in
2021-11-22 11:51:55 INFO  Search for some product inputting keys from keyboard in search bar
2021-11-22 11:51:55 INFO  Inputting 'pocket wa' and getting keyword from dropdown suggestions
2021-11-22 11:51:57 INFO  Navigated to search result page
2021-11-22 11:51:57 INFO  Selecting the product from search result page
2021-11-22 11:51:57 INFO  Product Selected and Navigated to Product details page
2021-11-22 11:52:00 ERROR Product name not matched
2021-11-22 11:52:06 INFO  Browser Closed.
2021-11-22 11:52:27 INFO  Test Started
2021-11-22 11:52:27 INFO  Opening the browser
2021-11-22 11:52:27 INFO  Loading Website of Bigsmall.in
2021-11-22 11:52:32 INFO  Search for some product inputting keys from keyboard in search bar
2021-11-22 11:52:32 INFO  Inputting 'pocket wa' and getting keyword from dropdown suggestions
2021-11-22 11:52:35 INFO  Navigated to search result page
2021-11-22 11:52:35 INFO  Selecting the product from search result page
2021-11-22 11:52:35 INFO  Product Selected and Navigated to Product details page
2021-11-22 11:52:39 ERROR Product name not matched
2021-11-22 11:52:46 INFO  Browser Closed.
2021-11-22 11:54:06 INFO  Test Started
2021-11-22 11:54:06 INFO  Opening the browser
2021-11-22 11:54:06 INFO  Loading Website of Bigsmall.in
2021-11-22 11:54:12 INFO  Search for some product inputting keys from keyboard in search bar
2021-11-22 11:54:12 INFO  Inputting 'pocket wa' and getting keyword from dropdown suggestions
2021-11-22 11:54:17 INFO  Navigated to search result page
2021-11-22 11:54:17 INFO  Selecting the product from search result page
2021-11-22 11:54:17 INFO  Product Selected and Navigated to Product details page
2021-11-22 11:54:22 ERROR Product name not matched
2021-11-22 11:54:27 INFO  Browser Closed.
2021-11-22 12:00:02 INFO  Test Started
2021-11-22 12:00:02 INFO  Opening the browser
2021-11-22 12:00:02 INFO  Loading Website of Bigsmall.in
2021-11-22 12:00:10 INFO  Search for some product inputting keys from keyboard in search bar
2021-11-22 12:00:10 INFO  Inputting 'pocket wa' and getting keyword from dropdown suggestions
2021-11-22 12:00:16 INFO  Navigated to search result page
2021-11-22 12:00:16 INFO  Selecting the product from search result page
2021-11-22 12:00:16 INFO  Product Selected and Navigated to Product details page
2021-11-22 12:00:20 ERROR Product name not matched
2021-11-22 12:00:26 INFO  Browser Closed.
2021-11-22 12:09:19 INFO  Test Started
2021-11-22 12:09:19 INFO  Opening the browser
2021-11-22 12:09:19 INFO  Loading Website of Bigsmall.in
2021-11-22 12:09:25 INFO  Search for some product inputting keys from keyboard in search bar
2021-11-22 12:09:25 INFO  Inputting 'pocket wa' and getting keyword from dropdown suggestions
2021-11-22 12:09:29 INFO  Navigated to search result page
2021-11-22 12:09:29 INFO  Selecting the product from search result page
2021-11-22 12:09:29 INFO  Product Selected and Navigated to Product details page
2021-11-22 12:09:34 ERROR Product name not matched
2021-11-22 12:09:39 INFO  Browser Closed.
